<?xml version="1.0" encoding="UTF-8"?>
<testng-results skipped="0" failed="0" total="1" passed="1">
  <reporter-output>
  </reporter-output>
  <suite name="Suite" duration-ms="103657" started-at="2018-08-30T17:53:05Z" finished-at="2018-08-30T17:54:49Z">
    <groups>
    </groups>
    <test name="Test" duration-ms="103657" started-at="2018-08-30T17:53:05Z" finished-at="2018-08-30T17:54:49Z">
      <class name="com.ca.cleartrip.flight.testscripts.FlightTest">
        <test-method status="PASS" signature="initTest()[pri:0, instance:com.ca.cleartrip.flight.testscripts.FlightTest@42e26948]" name="initTest" is-config="true" duration-ms="61522" started-at="2018-08-30T23:23:05Z" finished-at="2018-08-30T23:24:07Z">
          <reporter-output>
          </reporter-output>
        </test-method> <!-- initTest -->
        <test-method status="PASS" signature="initClass()[pri:0, instance:com.ca.cleartrip.flight.testscripts.FlightTest@42e26948]" name="initClass" is-config="true" duration-ms="164" started-at="2018-08-30T23:24:07Z" finished-at="2018-08-30T23:24:07Z">
          <reporter-output>
          </reporter-output>
        </test-method> <!-- initClass -->
        <test-method status="PASS" signature="initMethod()[pri:0, instance:com.ca.cleartrip.flight.testscripts.FlightTest@42e26948]" name="initMethod" is-config="true" duration-ms="16" started-at="2018-08-30T23:24:08Z" finished-at="2018-08-30T23:24:08Z">
          <reporter-output>
          </reporter-output>
        </test-method> <!-- initMethod -->
        <test-method status="PASS" signature="testSearchFlight(java.util.LinkedHashMap)[pri:0, instance:com.ca.cleartrip.flight.testscripts.FlightTest@42e26948]" name="testSearchFlight" duration-ms="29237" started-at="2018-08-30T23:24:08Z" data-provider="flightTestDataProvider" finished-at="2018-08-30T23:24:38Z">
          <params>
            <param index="0">
              <value>
                <![CDATA[{from=Bangalore, to=Bhubaneswar, month=March, day=2, expecmsg=Bangalore â†’ Bhubaneswar}]]>
              </value>
            </param>
          </params>
          <reporter-output>
          </reporter-output>
        </test-method> <!-- testSearchFlight -->
        <test-method status="PASS" signature="flushReport()[pri:0, instance:com.ca.cleartrip.flight.testscripts.FlightTest@42e26948]" name="flushReport" is-config="true" duration-ms="11352" started-at="2018-08-30T23:24:38Z" finished-at="2018-08-30T23:24:49Z">
          <reporter-output>
          </reporter-output>
        </test-method> <!-- flushReport -->
      </class> <!-- com.ca.cleartrip.flight.testscripts.FlightTest -->
    </test> <!-- Test -->
  </suite> <!-- Suite -->
</testng-results>
