<?xml version="1.0" encoding="UTF-8"?>
<!-- Generated by org.testng.reporters.JUnitXMLReporter -->
<testsuite hostname="Smita-PC" name="Test" tests="1" failures="0" timestamp="30 Aug 2018 11:19:20 GMT" time="0.289" errors="0">
  <testcase name="@BeforeTest initTest" time="0.0" classname="com.ca.cleartrip.flight.testscripts.FlightTest">
    <failure type="java.lang.IllegalStateException" message="The driver executable does not exist: D:\muna\ClearTrip-ui\src\main\resources\drivers\chromedriver.exe">
      <![CDATA[java.lang.IllegalStateException: The driver executable does not exist: D:\muna\ClearTrip-ui\src\main\resources\drivers\chromedriver.exe
	at com.google.common.base.Preconditions.checkState(Preconditions.java:534)
	at org.openqa.selenium.remote.service.DriverService.checkExecutable(DriverService.java:136)
	at org.openqa.selenium.remote.service.DriverService.findExecutable(DriverService.java:131)
	at org.openqa.selenium.chrome.ChromeDriverService.access$000(ChromeDriverService.java:32)
	at org.openqa.selenium.chrome.ChromeDriverService$Builder.findDefaultExecutable(ChromeDriverService.java:137)
	at org.openqa.selenium.remote.service.DriverService$Builder.build(DriverService.java:329)
	at org.openqa.selenium.chrome.ChromeDriverService.createDefaultService(ChromeDriverService.java:88)
	at org.openqa.selenium.chrome.ChromeDriver.<init>(ChromeDriver.java:123)
	at com.ca.cleartrip.utils.BaseTest.initializeDriver(BaseTest.java:53)
	at com.ca.cleartrip.utils.BaseTest.initTest(BaseTest.java:37)
... Removed 22 stack frames]]>
    </failure>
  </testcase> <!-- @BeforeTest initTest -->
  <testcase name="@BeforeClass initClass" time="0.0" classname="com.ca.cleartrip.flight.testscripts.FlightTest">
    <skipped/>
  </testcase> <!-- @BeforeClass initClass -->
  <testcase name="@BeforeMethod initMethod" time="0.0" classname="com.ca.cleartrip.flight.testscripts.FlightTest">
    <skipped/>
  </testcase> <!-- @BeforeMethod initMethod -->
  <testcase name="@AfterMethod flushReport" time="0.0" classname="com.ca.cleartrip.flight.testscripts.FlightTest">
    <skipped/>
  </testcase> <!-- @AfterMethod flushReport -->
  <testcase name="testSearchFlight" time="0.004" classname="com.ca.cleartrip.flight.testscripts.FlightTest">
    <skipped/>
  </testcase> <!-- testSearchFlight -->
</testsuite> <!-- Test -->
